TN:
SF:src\modules\appointments\services\CreateAppointmentsService.ts
FN:16,(anonymous_12)
FN:21,(anonymous_13)
FNF:2
FNH:2
FNDA:2,(anonymous_12)
FNDA:3,(anonymous_13)
DA:1,1
DA:2,1
DA:4,1
DA:15,1
DA:18,2
DA:22,3
DA:25,3
DA:27,3
DA:28,1
DA:31,2
DA:36,2
DA:40,1
LF:12
LH:12
BRDA:27,0,0,1
BRF:1
BRH:1
end_of_record
TN:
SF:src\modules\users\services\AuthenticateUserService.ts
FN:23,(anonymous_12)
FN:30,(anonymous_13)
FNF:2
FNH:2
FNDA:3,(anonymous_12)
FNDA:3,(anonymous_13)
DA:1,1
DA:2,1
DA:4,1
DA:6,1
DA:22,1
DA:25,3
DA:27,3
DA:31,3
DA:33,3
DA:34,1
DA:37,2
DA:42,2
DA:43,1
DA:46,1
DA:48,1
DA:53,1
LF:16
LH:16
BRDA:33,0,0,1
BRDA:42,1,0,1
BRF:2
BRH:2
end_of_record
TN:
SF:src\modules\users\services\CreateUserService.ts
FN:16,(anonymous_12)
FN:24,(anonymous_13)
FNF:2
FNH:2
FNDA:4,(anonymous_12)
FNDA:5,(anonymous_13)
DA:3,2
DA:6,2
DA:15,2
DA:18,4
DA:21,4
DA:25,5
DA:27,5
DA:28,1
DA:31,4
DA:33,4
DA:39,4
LF:11
LH:11
BRDA:27,0,0,1
BRF:1
BRH:1
end_of_record
TN:
SF:src\modules\users\services\UpdateUserAvatarService.ts
FN:15,(anonymous_12)
FN:22,(anonymous_13)
FNF:2
FNH:2
FNDA:3,(anonymous_12)
FNDA:4,(anonymous_13)
DA:3,1
DA:5,1
DA:14,1
DA:17,3
DA:19,3
DA:23,4
DA:25,4
DA:26,1
DA:29,3
DA:30,1
DA:33,3
DA:35,3
DA:37,3
DA:39,3
LF:14
LH:14
BRDA:25,0,0,1
BRDA:29,1,0,1
BRF:2
BRH:2
end_of_record
